2019-07-11 11:39:59.818  INFO 3956 --- [main] me.look.StartApplication                 : Starting StartApplication on 20180409pc4 with PID 3956 (F:\JavaCode\Membership\mow\target\classes started by Administrator in f:\JavaCode\Membership\mow\.vscode)
2019-07-11 11:39:59.822  INFO 3956 --- [main] me.look.StartApplication                 : No active profile set, falling back to default profiles: default
2019-07-11 11:40:04.884  INFO 3956 --- [main] o.s.b.w.embedded.tomcat.TomcatWebServer  : Tomcat initialized with port(s): 8080 (http)
2019-07-11 11:40:04.928  INFO 3956 --- [main] o.apache.catalina.core.StandardService   : Starting service [Tomcat]
2019-07-11 11:40:04.928  INFO 3956 --- [main] org.apache.catalina.core.StandardEngine  : Starting Servlet engine: [Apache Tomcat/9.0.14]
2019-07-11 11:40:04.942  INFO 3956 --- [main] o.a.catalina.core.AprLifecycleListener   : The APR based Apache Tomcat Native library which allows optimal performance in production environments was not found on the java.library.path: [C:\Java\jdk1.8.0_171\bin;C:\WINDOWS\Sun\Java\bin;C:\WINDOWS\system32;C:\WINDOWS;C:\ProgramData\DockerDesktop\version-bin;C:\Program Files\Docker\Docker\Resources\bin;C:\Program Files\Microsoft MPI\Bin\;C:\Program Files (x86)\Common Files\Oracle\Java\javapath;C:\Windows\system32;C:\Windows;C:\Windows\System32\Wbem;C:\Windows\System32\WindowsPowerShell\v1.0\;C:\Program Files (x86)\NVIDIA Corporation\PhysX\Common;D:\Program Files (x86)\Microsoft SQL Server\100\Tools\Binn\;D:\Program Files\Microsoft SQL Server\100\Tools\Binn\;D:\Program Files\Microsoft SQL Server\100\DTS\Binn\;D:\Program Files (x86)\Microsoft SQL Server\100\Tools\Binn\VSShell\Common7\IDE\;C:\Program Files (x86)\Microsoft Visual Studio 9.0\Common7\IDE\PrivateAssemblies\;D:\Program Files (x86)\Microsoft SQL Server\100\DTS\Binn\;D:\Program Files\TortoiseSVN\bin;C:\Java\jdk1.8.0_171\bin;C:\Java\jdk1.8.0_171\jre\bin;C:\Program Files\Microsoft SQL Server\130\Tools\Binn\;D:\Program Files\VisualSVN Server\bin;C:\Program Files\dotnet\;C:\Program Files (x86)\dotnet\;D:\Program Files\Microsoft VS Code\bin;C:\Program Files\Microsoft\Web Platform Installer\;C:\Windows\System32\WindowsPowerShell\v1.0;C:\WINDOWS\System32\WindowsPowerShell\v1.0\;C:\WINDOWS\system32;C:\WINDOWS;C:\WINDOWS\System32\Wbem;C:\WINDOWS\System32\WindowsPowerShell\v1.0\;C:\WINDOWS\System32\OpenSSH\;C:\Program Files\Microsoft Service Fabric\bin\Fabric\Fabric.Code;C:\Program Files\Microsoft SDKs\Service Fabric\Tools\ServiceFabricLocalClusterManager;C:\Program Files (x86)\Microsoft SQL Server\140\Tools\Binn\;C:\Program Files\Microsoft SQL Server\140\Tools\Binn\;C:\Program Files (x86)\Microsoft SQL Server\140\DTS\Binn\;C:\Program Files\Microsoft SQL Server\140\DTS\Binn\;C:\Program Files\Microsoft SQL Server\Client SDK\ODBC\130\Tools\Binn\;C:\Program Files (x86)\Microsoft SQL Server\Client SDK\ODBC\130\Tools\Binn\;C:\Program Files (x86)\Microsoft SQL Server\140\Tools\Binn\ManagementStudio\;D:\phpStudy\PHPTutorial\php\php-5.4.45;D:\Program Files\Git\cmd;D:\Program Files\mysql-5.7.25-winx64\mysql-5.7.25-winx64\bin;C:\Program Files\TortoiseGit\bin;D:\Program Files\nodejs\;D:\Program Files\nodejs\prefix;C:\Python27\Scripts;C:\Python27;;D:\Program Files (x86)\GNU Tools ARM Embedded\5.4 2016q3\bin;D:\MinGW\bin;D:\Program Files (x86)\GNU Tools ARM Embedded\5.4 2016q3\bin;D:\Program Files\Microsoft VS Code\bin;C:\Users\Administrator\AppData\Local\Microsoft\WindowsApps;C:\Users\Administrator\.dotnet\tools;C:\Users\Administrator\AppData\Roaming\npm;.]
2019-07-11 11:40:05.320  INFO 3956 --- [main] org.apache.jasper.servlet.TldScanner     : At least one JAR was scanned for TLDs yet contained no TLDs. Enable debug logging for this logger for a complete list of JARs that were scanned but no TLDs were found in them. Skipping unneeded JARs during scanning can improve startup time and JSP compilation time.
2019-07-11 11:40:05.332  INFO 3956 --- [main] o.a.c.c.C.[Tomcat].[localhost].[/]       : Initializing Spring embedded WebApplicationContext
2019-07-11 11:40:05.333  INFO 3956 --- [main] o.s.web.context.ContextLoader            : Root WebApplicationContext: initialization completed in 5431 ms
2019-07-11 11:40:05.476  INFO 3956 --- [main] c.a.d.s.b.a.DruidDataSourceAutoConfigure : Init DruidDataSource
2019-07-11 11:40:05.721  INFO 3956 --- [main] com.alibaba.druid.pool.DruidDataSource   : {dataSource-1} inited
2019-07-11 11:40:06.382  INFO 3956 --- [main] o.s.s.concurrent.ThreadPoolTaskExecutor  : Initializing ExecutorService 'applicationTaskExecutor'
2019-07-11 11:40:06.829  INFO 3956 --- [main] o.s.b.a.w.s.WelcomePageHandlerMapping    : Adding welcome page template: index
2019-07-11 11:40:07.566  INFO 3956 --- [main] o.s.b.w.embedded.tomcat.TomcatWebServer  : Tomcat started on port(s): 8080 (http) with context path ''
2019-07-11 11:40:07.616  INFO 3956 --- [main] me.look.StartApplication                 : Started StartApplication in 8.516 seconds (JVM running for 16.894)
2019-07-11 11:40:26.495  INFO 3956 --- [http-nio-8080-exec-10] o.a.c.c.C.[Tomcat].[localhost].[/]       : Initializing Spring DispatcherServlet 'dispatcherServlet'
2019-07-11 11:40:26.496  INFO 3956 --- [http-nio-8080-exec-10] o.s.web.servlet.DispatcherServlet        : Initializing Servlet 'dispatcherServlet'
2019-07-11 11:40:26.506  INFO 3956 --- [http-nio-8080-exec-10] o.s.web.servlet.DispatcherServlet        : Completed initialization in 10 ms
2019-07-11 11:40:26.762 DEBUG 3956 --- [http-nio-8080-exec-10] m.l.m.AccountMapper.selectByPrimaryKey   : ==>  Preparing: select Id, CreateTime, IsDelete, UserName, PassWord, Name, EmployeeId, AccountDeptId, Phone, Email, Qq, WeChat, RoleList, LoginTime, LockStatus, JobCode, StoreId, StoreName from account where Id = ? 
2019-07-11 11:40:26.799 DEBUG 3956 --- [http-nio-8080-exec-10] m.l.m.AccountMapper.selectByPrimaryKey   : ==> Parameters: 2(Integer)
2019-07-11 11:40:26.846 DEBUG 3956 --- [http-nio-8080-exec-10] m.l.m.AccountMapper.selectByPrimaryKey   : <==      Total: 1
2019-07-11 11:40:30.328 DEBUG 3956 --- [http-nio-8080-exec-1] me.look.mapping.AccountMapper.select     : ==>  Preparing: select Id, CreateTime, IsDelete, UserName, PassWord, Name, EmployeeId, AccountDeptId, Phone, Email, Qq, WeChat, RoleList, LoginTime, LockStatus, JobCode, StoreId, StoreName from account WHERE 1=1 limit ? , ? 
2019-07-11 11:40:30.329 DEBUG 3956 --- [http-nio-8080-exec-1] me.look.mapping.AccountMapper.select     : ==> Parameters: 0(Integer), 10(Integer)
2019-07-11 11:40:30.335 DEBUG 3956 --- [http-nio-8080-exec-1] me.look.mapping.AccountMapper.select     : <==      Total: 10
2019-07-11 11:40:30.341 DEBUG 3956 --- [http-nio-8080-exec-1] me.look.mapping.AccountMapper.count      : ==>  Preparing: select count(*) from account 
2019-07-11 11:40:30.341 DEBUG 3956 --- [http-nio-8080-exec-1] me.look.mapping.AccountMapper.count      : ==> Parameters: 
2019-07-11 11:40:30.370 DEBUG 3956 --- [http-nio-8080-exec-1] me.look.mapping.AccountMapper.count      : <==      Total: 1
