2019-05-10 09:52:50.192  INFO 13168 --- [main] me.look.StartApplication                 : Starting StartApplication on 20180409pc4 with PID 13168 (F:\JavaCode\Membership\mow\target\classes started by Administrator in F:\JavaCode\Membership\mow)
2019-05-10 09:52:50.210  INFO 13168 --- [main] me.look.StartApplication                 : No active profile set, falling back to default profiles: default
2019-05-10 09:52:54.905  INFO 13168 --- [main] o.s.b.w.embedded.tomcat.TomcatWebServer  : Tomcat initialized with port(s): 8080 (http)
2019-05-10 09:52:54.929  INFO 13168 --- [main] o.apache.catalina.core.StandardService   : Starting service [Tomcat]
2019-05-10 09:52:54.930  INFO 13168 --- [main] org.apache.catalina.core.StandardEngine  : Starting Servlet engine: [Apache Tomcat/9.0.14]
2019-05-10 09:52:54.944  INFO 13168 --- [main] o.a.catalina.core.AprLifecycleListener   : The APR based Apache Tomcat Native library which allows optimal performance in production environments was not found on the java.library.path: [C:\Java\jdk1.8.0_171\bin;C:\WINDOWS\Sun\Java\bin;C:\WINDOWS\system32;C:\WINDOWS;C:\Program Files\Microsoft MPI\Bin\;C:\Program Files (x86)\Common Files\Oracle\Java\javapath;C:\Windows\system32;C:\Windows;C:\Windows\System32\Wbem;C:\Windows\System32\WindowsPowerShell\v1.0\;C:\Program Files (x86)\NVIDIA Corporation\PhysX\Common;D:\Program Files (x86)\Microsoft SQL Server\100\Tools\Binn\;D:\Program Files\Microsoft SQL Server\100\Tools\Binn\;D:\Program Files\Microsoft SQL Server\100\DTS\Binn\;D:\Program Files (x86)\Microsoft SQL Server\100\Tools\Binn\VSShell\Common7\IDE\;C:\Program Files (x86)\Microsoft Visual Studio 9.0\Common7\IDE\PrivateAssemblies\;D:\Program Files (x86)\Microsoft SQL Server\100\DTS\Binn\;D:\Program Files\TortoiseSVN\bin;C:\Java\jdk1.8.0_171\bin;C:\Java\jdk1.8.0_171\jre\bin;C:\Program Files\Microsoft SQL Server\130\Tools\Binn\;D:\Program Files\VisualSVN Server\bin;C:\Program Files\dotnet\;C:\Program Files (x86)\dotnet\;D:\Program Files\Microsoft VS Code\bin;C:\Program Files\Microsoft\Web Platform Installer\;C:\Windows\System32\WindowsPowerShell\v1.0;C:\WINDOWS\System32\WindowsPowerShell\v1.0\;C:\WINDOWS\system32;C:\WINDOWS;C:\WINDOWS\System32\Wbem;C:\WINDOWS\System32\WindowsPowerShell\v1.0\;C:\WINDOWS\System32\OpenSSH\;C:\Program Files\Microsoft Service Fabric\bin\Fabric\Fabric.Code;C:\Program Files\Microsoft SDKs\Service Fabric\Tools\ServiceFabricLocalClusterManager;C:\Program Files (x86)\Microsoft SQL Server\140\Tools\Binn\;C:\Program Files\Microsoft SQL Server\140\Tools\Binn\;C:\Program Files (x86)\Microsoft SQL Server\140\DTS\Binn\;C:\Program Files\Microsoft SQL Server\140\DTS\Binn\;C:\Program Files\Microsoft SQL Server\Client SDK\ODBC\130\Tools\Binn\;C:\Program Files (x86)\Microsoft SQL Server\Client SDK\ODBC\130\Tools\Binn\;C:\Program Files (x86)\Microsoft SQL Server\140\Tools\Binn\ManagementStudio\;D:\phpStudy\PHPTutorial\php\php-5.4.45;D:\Program Files\Git\cmd;D:\Program Files\mysql-5.7.25-winx64\mysql-5.7.25-winx64\bin;C:\Program Files\TortoiseGit\bin;D:\Program Files\nodejs\;D:\Program Files\nodejs\prefix;;D:\Program Files\Microsoft VS Code\bin;C:\Users\Administrator\AppData\Local\Microsoft\WindowsApps;C:\Users\Administrator\.dotnet\tools;C:\Users\Administrator\AppData\Roaming\npm;.]
2019-05-10 09:52:55.287  INFO 13168 --- [main] org.apache.jasper.servlet.TldScanner     : At least one JAR was scanned for TLDs yet contained no TLDs. Enable debug logging for this logger for a complete list of JARs that were scanned but no TLDs were found in them. Skipping unneeded JARs during scanning can improve startup time and JSP compilation time.
2019-05-10 09:52:55.295  INFO 13168 --- [main] o.a.c.c.C.[Tomcat].[localhost].[/]       : Initializing Spring embedded WebApplicationContext
2019-05-10 09:52:55.295  INFO 13168 --- [main] o.s.web.context.ContextLoader            : Root WebApplicationContext: initialization completed in 4271 ms
2019-05-10 09:52:55.646  INFO 13168 --- [main] c.a.d.s.b.a.DruidDataSourceAutoConfigure : Init DruidDataSource
2019-05-10 09:52:55.845  INFO 13168 --- [main] com.alibaba.druid.pool.DruidDataSource   : {dataSource-1} inited
2019-05-10 09:52:56.454  INFO 13168 --- [main] o.s.s.concurrent.ThreadPoolTaskExecutor  : Initializing ExecutorService 'applicationTaskExecutor'
2019-05-10 09:52:56.631  INFO 13168 --- [main] o.s.b.a.w.s.WelcomePageHandlerMapping    : Adding welcome page template: index
2019-05-10 09:52:56.952  INFO 13168 --- [main] o.s.b.w.embedded.tomcat.TomcatWebServer  : Tomcat started on port(s): 8080 (http) with context path ''
2019-05-10 09:52:56.955  INFO 13168 --- [main] me.look.StartApplication                 : Started StartApplication in 10.504 seconds (JVM running for 11.668)
2019-05-10 09:53:10.795  INFO 13168 --- [http-nio-8080-exec-1] o.apache.coyote.http11.Http11Processor   : Error parsing HTTP request header
 Note: further occurrences of HTTP request parsing errors will be logged at DEBUG level.

java.lang.IllegalArgumentException: Invalid character found in method name. HTTP method names must be tokens
	at org.apache.coyote.http11.Http11InputBuffer.parseRequestLine(Http11InputBuffer.java:414) ~[tomcat-embed-core-9.0.14.jar:9.0.14]
	at org.apache.coyote.http11.Http11Processor.service(Http11Processor.java:294) ~[tomcat-embed-core-9.0.14.jar:9.0.14]
	at org.apache.coyote.AbstractProcessorLight.process(AbstractProcessorLight.java:66) [tomcat-embed-core-9.0.14.jar:9.0.14]
	at org.apache.coyote.AbstractProtocol$ConnectionHandler.process(AbstractProtocol.java:834) [tomcat-embed-core-9.0.14.jar:9.0.14]
	at org.apache.tomcat.util.net.NioEndpoint$SocketProcessor.doRun(NioEndpoint.java:1417) [tomcat-embed-core-9.0.14.jar:9.0.14]
	at org.apache.tomcat.util.net.SocketProcessorBase.run(SocketProcessorBase.java:49) [tomcat-embed-core-9.0.14.jar:9.0.14]
	at java.util.concurrent.ThreadPoolExecutor.runWorker(ThreadPoolExecutor.java:1149) [na:1.8.0_171]
	at java.util.concurrent.ThreadPoolExecutor$Worker.run(ThreadPoolExecutor.java:624) [na:1.8.0_171]
	at org.apache.tomcat.util.threads.TaskThread$WrappingRunnable.run(TaskThread.java:61) [tomcat-embed-core-9.0.14.jar:9.0.14]
	at java.lang.Thread.run(Thread.java:748) [na:1.8.0_171]

2019-05-10 09:53:10.795  INFO 13168 --- [http-nio-8080-exec-2] o.apache.coyote.http11.Http11Processor   : Error parsing HTTP request header
 Note: further occurrences of HTTP request parsing errors will be logged at DEBUG level.

java.lang.IllegalArgumentException: Invalid character found in method name. HTTP method names must be tokens
	at org.apache.coyote.http11.Http11InputBuffer.parseRequestLine(Http11InputBuffer.java:414) ~[tomcat-embed-core-9.0.14.jar:9.0.14]
	at org.apache.coyote.http11.Http11Processor.service(Http11Processor.java:294) ~[tomcat-embed-core-9.0.14.jar:9.0.14]
	at org.apache.coyote.AbstractProcessorLight.process(AbstractProcessorLight.java:66) [tomcat-embed-core-9.0.14.jar:9.0.14]
	at org.apache.coyote.AbstractProtocol$ConnectionHandler.process(AbstractProtocol.java:834) [tomcat-embed-core-9.0.14.jar:9.0.14]
	at org.apache.tomcat.util.net.NioEndpoint$SocketProcessor.doRun(NioEndpoint.java:1417) [tomcat-embed-core-9.0.14.jar:9.0.14]
	at org.apache.tomcat.util.net.SocketProcessorBase.run(SocketProcessorBase.java:49) [tomcat-embed-core-9.0.14.jar:9.0.14]
	at java.util.concurrent.ThreadPoolExecutor.runWorker(ThreadPoolExecutor.java:1149) [na:1.8.0_171]
	at java.util.concurrent.ThreadPoolExecutor$Worker.run(ThreadPoolExecutor.java:624) [na:1.8.0_171]
	at org.apache.tomcat.util.threads.TaskThread$WrappingRunnable.run(TaskThread.java:61) [tomcat-embed-core-9.0.14.jar:9.0.14]
	at java.lang.Thread.run(Thread.java:748) [na:1.8.0_171]

2019-05-10 09:53:24.698  INFO 13168 --- [http-nio-8080-exec-9] o.a.c.c.C.[Tomcat].[localhost].[/]       : Initializing Spring DispatcherServlet 'dispatcherServlet'
2019-05-10 09:53:24.698  INFO 13168 --- [http-nio-8080-exec-9] o.s.web.servlet.DispatcherServlet        : Initializing Servlet 'dispatcherServlet'
2019-05-10 09:53:24.708  INFO 13168 --- [http-nio-8080-exec-9] o.s.web.servlet.DispatcherServlet        : Completed initialization in 10 ms
2019-05-10 09:53:25.008 DEBUG 13168 --- [http-nio-8080-exec-9] m.l.m.AccountMapper.selectByPrimaryKey   : ==>  Preparing: select Id, CreateTime, IsDelete, UserName, PassWord, Name, EmployeeId, AccountDeptId, Phone, Email, Qq, WeChat, RoleList, LoginTime, LockStatus, JobCode, StoreId, StoreName from account where Id = ? 
2019-05-10 09:53:25.043 DEBUG 13168 --- [http-nio-8080-exec-9] m.l.m.AccountMapper.selectByPrimaryKey   : ==> Parameters: 2(Integer)
2019-05-10 09:53:25.070 DEBUG 13168 --- [http-nio-8080-exec-9] m.l.m.AccountMapper.selectByPrimaryKey   : <==      Total: 1
2019-05-10 09:53:27.224 DEBUG 13168 --- [http-nio-8080-exec-4] me.look.mapping.AccountMapper.select     : ==>  Preparing: select Id, CreateTime, IsDelete, UserName, PassWord, Name, EmployeeId, AccountDeptId, Phone, Email, Qq, WeChat, RoleList, LoginTime, LockStatus, JobCode, StoreId, StoreName from account WHERE 1=1 limit ? , ? 
2019-05-10 09:53:27.224 DEBUG 13168 --- [http-nio-8080-exec-4] me.look.mapping.AccountMapper.select     : ==> Parameters: 0(Integer), 10(Integer)
2019-05-10 09:53:27.230 DEBUG 13168 --- [http-nio-8080-exec-4] me.look.mapping.AccountMapper.select     : <==      Total: 10
2019-05-10 09:53:27.234 DEBUG 13168 --- [http-nio-8080-exec-4] me.look.mapping.AccountMapper.count      : ==>  Preparing: select count(*) from account 
2019-05-10 09:53:27.235 DEBUG 13168 --- [http-nio-8080-exec-4] me.look.mapping.AccountMapper.count      : ==> Parameters: 
2019-05-10 09:53:27.236 DEBUG 13168 --- [http-nio-8080-exec-4] me.look.mapping.AccountMapper.count      : <==      Total: 1
